C51 COMPILER V9.01   PCATIMER                                                              11/19/2016 22:07:35 PAGE 1   


C51 COMPILER V9.01, COMPILATION OF MODULE PCATIMER
OBJECT MODULE PLACED IN pcatimer.OBJ
COMPILER INVOKED BY: d:\C51\BIN\C51.EXE pcatimer.c BROWSE DEBUG OBJECTEXTEND

line level    source

   1          #include "pcatimer.h"
   2          
   3          uint T2500us = 0x1200;// 4608
   4          
   5          bit  pcatimer_end = 0;
   6          uint PcaValue;
   7          
   8          /**********************************************<+><+><+><+><+>★【robot】★<+><+><+><+><+>****************
             -********************************
   9          函数名称：pcatimer_init
  10          函数功能：pca定时器初始化，用于舵机2.5ms定时
  11          输入    ：无 
  12          输出    ：无
  13          备注    ：没有开启定时
  14           **********************************************<<<<<<<<<<<<<<<★【robot】★>>>>>>>>>>>>>>>****************
             -********************************/
  15          
  16          void pcatimer_init(void)
  17          {
  18   1          CCON = 0;                       //Initial PCA control register
  19   1                                          //PCA timer stop running
  20   1                                          //Clear CF flag
  21   1                                          //Clear all module interrupt flag
  22   1          CL = 0;                         //Reset PCA base timer
  23   1          CH = 0;
  24   1          CMOD = 0x00;                    //Set PCA timer clock source as Fosc/12
  25   1                                          //Disable PCA timer overflow interrupt
  26   1          PcaValue = T2500us;
  27   1          CCAP0L = PcaValue;
  28   1          CCAP0H = PcaValue >> 8;         //Initial PCA module-0
  29   1          PcaValue += T2500us;
  30   1          CCAPM0 = 0x49;                  //PCA module-0 work in 16-bit timer mode and enable PCA interrupt
  31   1      
  32   1          EA = 1;
  33   1              pcatimer_end = 1;
  34   1      
  35   1      }
  36          /**********************************************<+><+><+><+><+>★【robot】★<+><+><+><+><+>****************
             -********************************
  37          函数名称：pcatimer_start
  38          函数功能：同周期pca定时器设置及启动程序，使每变化一个变化量的周期相同    给寄存器填值
  39          输入    ：无 
  40          输出    ：无
  41           **********************************************<<<<<<<<<<<<<<<★【robot】★>>>>>>>>>>>>>>>****************
             -********************************/
  42          
  43          void pcatimer_start(void)
  44          {
  45   1          PcaValue = T2500us;
  46   1          CCAP0L = PcaValue;
  47   1          CCAP0H = PcaValue >> 8;            //Initial PCA module-0
  48   1          PcaValue += T2500us;
  49   1          CR = 1;                         //PCA timer start run
  50   1          EA = 1;
  51   1              pcatimer_end = 0;
C51 COMPILER V9.01   PCATIMER                                                              11/19/2016 22:07:35 PAGE 2   

  52   1              
  53   1      }
  54          /**********************************************<+><+><+><+><+>★【robot】★<+><+><+><+><+>****************
             -********************************
  55          函数名称：void pcatimer_Interrupt(void) interrupt 7
  56          函数功能：pca定时器中断服务函数函数     中断一次填一次值 标记一次一个2.5ms到了
  57          输入    ：无
  58          输出    ：无
  59          ***********************************************<<<<<<<<<<<<<<<★【robot】★>>>>>>>>>>>>>>>****************
             -********************************/
  60          
  61          void pcatimer_interrupt() interrupt 7 
  62          {
  63   1      
  64   1          CCF0 = 0;                       //Clear interrupt flag
  65   1          CCAP0L = PcaValue;
  66   1          CCAP0H = PcaValue >> 8;         //Update compare value
  67   1          PcaValue += T2500us;
  68   1              pcatimer_end = 1; 
  69   1      }


MODULE INFORMATION:   STATIC OVERLAYABLE
   CODE SIZE        =    106    ----
   CONSTANT SIZE    =   ----    ----
   XDATA SIZE       =   ----    ----
   PDATA SIZE       =   ----    ----
   DATA SIZE        =      4    ----
   IDATA SIZE       =   ----    ----
   BIT SIZE         =      1    ----
END OF MODULE INFORMATION.


C51 COMPILATION COMPLETE.  0 WARNING(S),  0 ERROR(S)
